c:\users\xiaoguogao\source\repos\gxgproj\myproj\debug\vc142.pdb
c:\users\xiaoguogao\source\repos\gxgproj\myproj\debug\vc142.idb
c:\users\xiaoguogao\source\repos\gxgproj\myproj\debug\mymenu.obj
c:\users\xiaoguogao\source\repos\gxgproj\myproj\debug\demo.obj
c:\users\xiaoguogao\source\repos\gxgproj\myproj\debug\drawmenu.obj
c:\users\xiaoguogao\source\repos\gxgproj\myproj\debug\graphics.obj
c:\users\xiaoguogao\source\repos\gxgproj\myproj\debug\icons.obj
c:\users\xiaoguogao\source\repos\gxgproj\myproj\debug\imgui.obj
c:\users\xiaoguogao\source\repos\gxgproj\myproj\debug\strlib.obj
c:\users\xiaoguogao\source\repos\gxgproj\myproj\debug\simpio.obj
c:\users\xiaoguogao\source\repos\gxgproj\myproj\debug\random.obj
c:\users\xiaoguogao\source\repos\gxgproj\myproj\debug\genlib.obj
c:\users\xiaoguogao\source\repos\gxgproj\myproj\debug\exceptio.obj
c:\users\xiaoguogao\source\repos\gxgproj\myproj\debug\linkedlist.obj
c:\users\xiaoguogao\source\repos\gxgproj\myproj\debug\hsl2rgb.obj
c:\users\xiaoguogao\source\repos\gxgproj\myproj\debug\mydemo.exe
c:\users\xiaoguogao\source\repos\gxgproj\myproj\debug\mydemo.ilk
c:\users\xiaoguogao\source\repos\gxgproj\myproj\debug\mydemo.pdb
c:\users\xiaoguogao\source\repos\gxgproj\myproj\debug\mydemo.tlog\cl.command.1.tlog
c:\users\xiaoguogao\source\repos\gxgproj\myproj\debug\mydemo.tlog\cl.read.1.tlog
c:\users\xiaoguogao\source\repos\gxgproj\myproj\debug\mydemo.tlog\cl.write.1.tlog
c:\users\xiaoguogao\source\repos\gxgproj\myproj\debug\mydemo.tlog\link.command.1.tlog
c:\users\xiaoguogao\source\repos\gxgproj\myproj\debug\mydemo.tlog\link.read.1.tlog
c:\users\xiaoguogao\source\repos\gxgproj\myproj\debug\mydemo.tlog\link.write.1.tlog
